<?xml version="1.0" encoding="UTF-8"?>
<testng-results skipped="0" failed="0" ignored="0" total="1" passed="1">
  <reporter-output>
  </reporter-output>
  <suite name="Suite" duration-ms="68869" started-at="2020-07-09T14:46:22Z" finished-at="2020-07-09T14:47:31Z">
    <groups>
    </groups>
    <test name="Test" duration-ms="68869" started-at="2020-07-09T14:46:22Z" finished-at="2020-07-09T14:47:31Z">
      <class name="chromebrowser.launchApp">
        <test-method status="PASS" signature="createChromeDriver()[pri:0, instance:chromebrowser.launchApp@62ee68d8]" name="createChromeDriver" is-config="true" duration-ms="14679" started-at="2020-07-09T14:46:22Z" finished-at="2020-07-09T14:46:37Z">
          <reporter-output>
          </reporter-output>
        </test-method> <!-- createChromeDriver -->
        <test-method status="PASS" signature="openBrowser()[pri:0, instance:chromebrowser.launchApp@62ee68d8]" name="openBrowser" duration-ms="49698" started-at="2020-07-09T14:46:37Z" finished-at="2020-07-09T14:47:27Z">
          <reporter-output>
          </reporter-output>
        </test-method> <!-- openBrowser -->
        <test-method status="PASS" signature="closeBrowser()[pri:0, instance:chromebrowser.launchApp@62ee68d8]" name="closeBrowser" is-config="true" duration-ms="4448" started-at="2020-07-09T14:47:27Z" finished-at="2020-07-09T14:47:31Z">
          <reporter-output>
          </reporter-output>
        </test-method> <!-- closeBrowser -->
      </class> <!-- chromebrowser.launchApp -->
    </test> <!-- Test -->
  </suite> <!-- Suite -->
</testng-results>
